<?xml version="1.0" encoding="UTF-8"?>
<testng-results ignored="0" total="1" passed="1" failed="0" skipped="0">
  <reporter-output>
  </reporter-output>
  <suite started-at="2021-12-09T13:46:50 IST" name="Default suite" finished-at="2021-12-09T13:46:50 IST" duration-ms="85">
    <groups>
    </groups>
    <test started-at="2021-12-09T13:46:50 IST" name="Default test" finished-at="2021-12-09T13:46:50 IST" duration-ms="85">
      <class name="practice.DemoGit">
        <test-method signature="DemoTest()[pri:0, instance:practice.DemoGit@747edf66]" started-at="2021-12-09T13:46:50 IST" name="DemoTest" finished-at="2021-12-09T13:46:50 IST" duration-ms="15" status="PASS">
          <reporter-output>
          </reporter-output>
        </test-method> <!-- DemoTest -->
      </class> <!-- practice.DemoGit -->
    </test> <!-- Default test -->
  </suite> <!-- Default suite -->
</testng-results>
