<?xml version="1.0" encoding="UTF-8"?>
<testng-results skipped="0" failed="0" ignored="0" total="1" passed="1">
  <reporter-output>
  </reporter-output>
  <suite name="Default suite" duration-ms="63" started-at="2021-12-09T09:37:42Z" finished-at="2021-12-09T09:37:42Z">
    <groups>
    </groups>
    <test name="Default test" duration-ms="63" started-at="2021-12-09T09:37:42Z" finished-at="2021-12-09T09:37:42Z">
      <class name="practice.DemoGit">
        <test-method status="PASS" signature="DemoTest()[pri:0, instance:practice.DemoGit@573f2bb1]" name="DemoTest" duration-ms="18" started-at="2021-12-09T15:07:42Z" finished-at="2021-12-09T15:07:42Z">
          <reporter-output>
          </reporter-output>
        </test-method> <!-- DemoTest -->
      </class> <!-- practice.DemoGit -->
    </test> <!-- Default test -->
  </suite> <!-- Default suite -->
</testng-results>
